0 info it worked if it ends with ok
1 verbose cli [ 'node', '/usr/local/bin/npm', 'install' ]
2 info using npm@1.4.28
3 info using node@v0.10.33
4 verbose readDependencies using package.json deps
5 verbose install where, deps [ '/Users/tinafallahi/Smellscape',
5 verbose install   [ 'gulp',
5 verbose install     'gulp-sass',
5 verbose install     'gulp-concat',
5 verbose install     'gulp-minify-css',
5 verbose install     'gulp-rename',
5 verbose install     'bluebird',
5 verbose install     'body-parser',
5 verbose install     'bookshelf',
5 verbose install     'express',
5 verbose install     'knex',
5 verbose install     'lodash',
5 verbose install     'mysql',
5 verbose install     'pg',
5 verbose install     'when',
5 verbose install     'mocha',
5 verbose install     'chai',
5 verbose install     'request',
5 verbose install     'bower',
5 verbose install     'gulp-util',
5 verbose install     'shelljs' ] ]
6 info preinstall Smellscape@1.0.0
7 verbose readDependencies using package.json deps
8 verbose already installed skipping bookshelf@^0.7.9 /Users/tinafallahi/Smellscape
9 verbose cache add [ 'express@~4.9.x', null ]
10 verbose cache add name=undefined spec="express@~4.9.x" args=["express@~4.9.x",null]
11 verbose parsed url { protocol: null,
11 verbose parsed url   slashes: null,
11 verbose parsed url   auth: null,
11 verbose parsed url   host: null,
11 verbose parsed url   port: null,
11 verbose parsed url   hostname: null,
11 verbose parsed url   hash: null,
11 verbose parsed url   search: null,
11 verbose parsed url   query: null,
11 verbose parsed url   pathname: 'express@~4.9.x',
11 verbose parsed url   path: 'express@~4.9.x',
11 verbose parsed url   href: 'express@~4.9.x' }
12 verbose already installed skipping knex@^0.7.3 /Users/tinafallahi/Smellscape
13 verbose already installed skipping lodash@^2.4.1 /Users/tinafallahi/Smellscape
14 verbose cache add name="express" spec="~4.9.x" args=["express","~4.9.x"]
15 verbose parsed url { protocol: null,
15 verbose parsed url   slashes: null,
15 verbose parsed url   auth: null,
15 verbose parsed url   host: null,
15 verbose parsed url   port: null,
15 verbose parsed url   hostname: null,
15 verbose parsed url   hash: null,
15 verbose parsed url   search: null,
15 verbose parsed url   query: null,
15 verbose parsed url   pathname: '~4.9.x',
15 verbose parsed url   path: '~4.9.x',
15 verbose parsed url   href: '~4.9.x' }
16 verbose addNamed [ 'express', '~4.9.x' ]
17 verbose addNamed [ null, '>=4.9.0-0 <4.10.0-0' ]
18 verbose already installed skipping mysql@^2.5.4 /Users/tinafallahi/Smellscape
19 verbose already installed skipping pg@4.x /Users/tinafallahi/Smellscape
20 silly lockFile e3d29b08-express-4-9-x express@~4.9.x
21 verbose lock express@~4.9.x /Users/tinafallahi/.npm/e3d29b08-express-4-9-x.lock
22 verbose already installed skipping when@^3.6.4 /Users/tinafallahi/Smellscape
23 verbose already installed skipping mocha@* /Users/tinafallahi/Smellscape
24 verbose cache add [ 'chai@1.*', null ]
25 verbose cache add name=undefined spec="chai@1.*" args=["chai@1.*",null]
26 verbose parsed url { protocol: null,
26 verbose parsed url   slashes: null,
26 verbose parsed url   auth: null,
26 verbose parsed url   host: null,
26 verbose parsed url   port: null,
26 verbose parsed url   hostname: null,
26 verbose parsed url   hash: null,
26 verbose parsed url   search: null,
26 verbose parsed url   query: null,
26 verbose parsed url   pathname: 'chai@1.*',
26 verbose parsed url   path: 'chai@1.*',
26 verbose parsed url   href: 'chai@1.*' }
27 verbose already installed skipping request@* /Users/tinafallahi/Smellscape
28 verbose cache add name="chai" spec="1.*" args=["chai","1.*"]
29 verbose parsed url { protocol: null,
29 verbose parsed url   slashes: null,
29 verbose parsed url   auth: null,
29 verbose parsed url   host: null,
29 verbose parsed url   port: null,
29 verbose parsed url   hostname: null,
29 verbose parsed url   hash: null,
29 verbose parsed url   search: null,
29 verbose parsed url   query: null,
29 verbose parsed url   pathname: '1.*',
29 verbose parsed url   path: '1.*',
29 verbose parsed url   href: '1.*' }
30 verbose addNamed [ 'chai', '1.*' ]
31 verbose addNamed [ null, '>=1.0.0-0 <2.0.0-0' ]
32 silly lockFile 0192a59a-chai-1 chai@1.*
33 verbose lock chai@1.* /Users/tinafallahi/.npm/0192a59a-chai-1.lock
34 verbose cache add [ 'bower@^1.3.3', null ]
35 verbose cache add name=undefined spec="bower@^1.3.3" args=["bower@^1.3.3",null]
36 verbose parsed url { protocol: null,
36 verbose parsed url   slashes: null,
36 verbose parsed url   auth: null,
36 verbose parsed url   host: null,
36 verbose parsed url   port: null,
36 verbose parsed url   hostname: null,
36 verbose parsed url   hash: null,
36 verbose parsed url   search: null,
36 verbose parsed url   query: null,
36 verbose parsed url   pathname: 'bower@^1.3.3',
36 verbose parsed url   path: 'bower@^1.3.3',
36 verbose parsed url   href: 'bower@^1.3.3' }
37 verbose cache add name="bower" spec="^1.3.3" args=["bower","^1.3.3"]
38 verbose parsed url { protocol: null,
38 verbose parsed url   slashes: null,
38 verbose parsed url   auth: null,
38 verbose parsed url   host: null,
38 verbose parsed url   port: null,
38 verbose parsed url   hostname: null,
38 verbose parsed url   hash: null,
38 verbose parsed url   search: null,
38 verbose parsed url   query: null,
38 verbose parsed url   pathname: '^1.3.3',
38 verbose parsed url   path: '^1.3.3',
38 verbose parsed url   href: '^1.3.3' }
39 verbose addNamed [ 'bower', '^1.3.3' ]
40 verbose addNamed [ null, '>=1.3.3-0 <2.0.0-0' ]
41 silly lockFile 0aa5c27e-bower-1-3-3 bower@^1.3.3
42 verbose lock bower@^1.3.3 /Users/tinafallahi/.npm/0aa5c27e-bower-1-3-3.lock
43 verbose cache add [ 'gulp-util@^2.2.14', null ]
44 verbose cache add name=undefined spec="gulp-util@^2.2.14" args=["gulp-util@^2.2.14",null]
45 verbose parsed url { protocol: null,
45 verbose parsed url   slashes: null,
45 verbose parsed url   auth: null,
45 verbose parsed url   host: null,
45 verbose parsed url   port: null,
45 verbose parsed url   hostname: null,
45 verbose parsed url   hash: null,
45 verbose parsed url   search: null,
45 verbose parsed url   query: null,
45 verbose parsed url   pathname: 'gulp-util@^2.2.14',
45 verbose parsed url   path: 'gulp-util@^2.2.14',
45 verbose parsed url   href: 'gulp-util@^2.2.14' }
46 verbose cache add [ 'shelljs@^0.3.0', null ]
47 verbose cache add name=undefined spec="shelljs@^0.3.0" args=["shelljs@^0.3.0",null]
48 verbose parsed url { protocol: null,
48 verbose parsed url   slashes: null,
48 verbose parsed url   auth: null,
48 verbose parsed url   host: null,
48 verbose parsed url   port: null,
48 verbose parsed url   hostname: null,
48 verbose parsed url   hash: null,
48 verbose parsed url   search: null,
48 verbose parsed url   query: null,
48 verbose parsed url   pathname: 'shelljs@^0.3.0',
48 verbose parsed url   path: 'shelljs@^0.3.0',
48 verbose parsed url   href: 'shelljs@^0.3.0' }
49 verbose cache add name="gulp-util" spec="^2.2.14" args=["gulp-util","^2.2.14"]
50 verbose parsed url { protocol: null,
50 verbose parsed url   slashes: null,
50 verbose parsed url   auth: null,
50 verbose parsed url   host: null,
50 verbose parsed url   port: null,
50 verbose parsed url   hostname: null,
50 verbose parsed url   hash: null,
50 verbose parsed url   search: null,
50 verbose parsed url   query: null,
50 verbose parsed url   pathname: '^2.2.14',
50 verbose parsed url   path: '^2.2.14',
50 verbose parsed url   href: '^2.2.14' }
51 verbose addNamed [ 'gulp-util', '^2.2.14' ]
52 verbose addNamed [ null, '>=2.2.14-0 <3.0.0-0' ]
53 silly lockFile e3e5f16b-gulp-util-2-2-14 gulp-util@^2.2.14
54 verbose lock gulp-util@^2.2.14 /Users/tinafallahi/.npm/e3e5f16b-gulp-util-2-2-14.lock
55 verbose cache add name="shelljs" spec="^0.3.0" args=["shelljs","^0.3.0"]
56 verbose parsed url { protocol: null,
56 verbose parsed url   slashes: null,
56 verbose parsed url   auth: null,
56 verbose parsed url   host: null,
56 verbose parsed url   port: null,
56 verbose parsed url   hostname: null,
56 verbose parsed url   hash: null,
56 verbose parsed url   search: null,
56 verbose parsed url   query: null,
56 verbose parsed url   pathname: '^0.3.0',
56 verbose parsed url   path: '^0.3.0',
56 verbose parsed url   href: '^0.3.0' }
57 verbose addNamed [ 'shelljs', '^0.3.0' ]
58 verbose addNamed [ null, '>=0.3.0-0 <0.4.0-0' ]
59 silly lockFile 1ddaa962-shelljs-0-3-0 shelljs@^0.3.0
60 verbose lock shelljs@^0.3.0 /Users/tinafallahi/.npm/1ddaa962-shelljs-0-3-0.lock
61 verbose cache add [ 'gulp@^3.5.6', null ]
62 verbose cache add name=undefined spec="gulp@^3.5.6" args=["gulp@^3.5.6",null]
63 verbose parsed url { protocol: null,
63 verbose parsed url   slashes: null,
63 verbose parsed url   auth: null,
63 verbose parsed url   host: null,
63 verbose parsed url   port: null,
63 verbose parsed url   hostname: null,
63 verbose parsed url   hash: null,
63 verbose parsed url   search: null,
63 verbose parsed url   query: null,
63 verbose parsed url   pathname: 'gulp@^3.5.6',
63 verbose parsed url   path: 'gulp@^3.5.6',
63 verbose parsed url   href: 'gulp@^3.5.6' }
64 verbose cache add [ 'gulp-sass@^0.7.1', null ]
65 verbose cache add name=undefined spec="gulp-sass@^0.7.1" args=["gulp-sass@^0.7.1",null]
66 verbose parsed url { protocol: null,
66 verbose parsed url   slashes: null,
66 verbose parsed url   auth: null,
66 verbose parsed url   host: null,
66 verbose parsed url   port: null,
66 verbose parsed url   hostname: null,
66 verbose parsed url   hash: null,
66 verbose parsed url   search: null,
66 verbose parsed url   query: null,
66 verbose parsed url   pathname: 'gulp-sass@^0.7.1',
66 verbose parsed url   path: 'gulp-sass@^0.7.1',
66 verbose parsed url   href: 'gulp-sass@^0.7.1' }
67 verbose cache add [ 'gulp-concat@^2.2.0', null ]
68 verbose cache add name=undefined spec="gulp-concat@^2.2.0" args=["gulp-concat@^2.2.0",null]
69 verbose parsed url { protocol: null,
69 verbose parsed url   slashes: null,
69 verbose parsed url   auth: null,
69 verbose parsed url   host: null,
69 verbose parsed url   port: null,
69 verbose parsed url   hostname: null,
69 verbose parsed url   hash: null,
69 verbose parsed url   search: null,
69 verbose parsed url   query: null,
69 verbose parsed url   pathname: 'gulp-concat@^2.2.0',
69 verbose parsed url   path: 'gulp-concat@^2.2.0',
69 verbose parsed url   href: 'gulp-concat@^2.2.0' }
70 verbose cache add [ 'gulp-minify-css@^0.3.0', null ]
71 verbose cache add name=undefined spec="gulp-minify-css@^0.3.0" args=["gulp-minify-css@^0.3.0",null]
72 verbose parsed url { protocol: null,
72 verbose parsed url   slashes: null,
72 verbose parsed url   auth: null,
72 verbose parsed url   host: null,
72 verbose parsed url   port: null,
72 verbose parsed url   hostname: null,
72 verbose parsed url   hash: null,
72 verbose parsed url   search: null,
72 verbose parsed url   query: null,
72 verbose parsed url   pathname: 'gulp-minify-css@^0.3.0',
72 verbose parsed url   path: 'gulp-minify-css@^0.3.0',
72 verbose parsed url   href: 'gulp-minify-css@^0.3.0' }
73 verbose cache add [ 'gulp-rename@^1.2.0', null ]
74 verbose cache add name=undefined spec="gulp-rename@^1.2.0" args=["gulp-rename@^1.2.0",null]
75 verbose parsed url { protocol: null,
75 verbose parsed url   slashes: null,
75 verbose parsed url   auth: null,
75 verbose parsed url   host: null,
75 verbose parsed url   port: null,
75 verbose parsed url   hostname: null,
75 verbose parsed url   hash: null,
75 verbose parsed url   search: null,
75 verbose parsed url   query: null,
75 verbose parsed url   pathname: 'gulp-rename@^1.2.0',
75 verbose parsed url   path: 'gulp-rename@^1.2.0',
75 verbose parsed url   href: 'gulp-rename@^1.2.0' }
76 verbose already installed skipping bluebird@^2.1.3 /Users/tinafallahi/Smellscape
77 verbose already installed skipping body-parser@^1.3.1 /Users/tinafallahi/Smellscape
78 verbose cache add name="gulp" spec="^3.5.6" args=["gulp","^3.5.6"]
79 verbose parsed url { protocol: null,
79 verbose parsed url   slashes: null,
79 verbose parsed url   auth: null,
79 verbose parsed url   host: null,
79 verbose parsed url   port: null,
79 verbose parsed url   hostname: null,
79 verbose parsed url   hash: null,
79 verbose parsed url   search: null,
79 verbose parsed url   query: null,
79 verbose parsed url   pathname: '^3.5.6',
79 verbose parsed url   path: '^3.5.6',
79 verbose parsed url   href: '^3.5.6' }
80 verbose addNamed [ 'gulp', '^3.5.6' ]
81 verbose addNamed [ null, '>=3.5.6-0 <4.0.0-0' ]
82 silly lockFile 28ac0b1b-gulp-3-5-6 gulp@^3.5.6
83 verbose lock gulp@^3.5.6 /Users/tinafallahi/.npm/28ac0b1b-gulp-3-5-6.lock
84 verbose cache add name="gulp-sass" spec="^0.7.1" args=["gulp-sass","^0.7.1"]
85 verbose parsed url { protocol: null,
85 verbose parsed url   slashes: null,
85 verbose parsed url   auth: null,
85 verbose parsed url   host: null,
85 verbose parsed url   port: null,
85 verbose parsed url   hostname: null,
85 verbose parsed url   hash: null,
85 verbose parsed url   search: null,
85 verbose parsed url   query: null,
85 verbose parsed url   pathname: '^0.7.1',
85 verbose parsed url   path: '^0.7.1',
85 verbose parsed url   href: '^0.7.1' }
86 verbose addNamed [ 'gulp-sass', '^0.7.1' ]
87 verbose addNamed [ null, '>=0.7.1-0 <0.8.0-0' ]
88 silly lockFile 77100620-gulp-sass-0-7-1 gulp-sass@^0.7.1
89 verbose lock gulp-sass@^0.7.1 /Users/tinafallahi/.npm/77100620-gulp-sass-0-7-1.lock
90 verbose cache add name="gulp-concat" spec="^2.2.0" args=["gulp-concat","^2.2.0"]
91 verbose parsed url { protocol: null,
91 verbose parsed url   slashes: null,
91 verbose parsed url   auth: null,
91 verbose parsed url   host: null,
91 verbose parsed url   port: null,
91 verbose parsed url   hostname: null,
91 verbose parsed url   hash: null,
91 verbose parsed url   search: null,
91 verbose parsed url   query: null,
91 verbose parsed url   pathname: '^2.2.0',
91 verbose parsed url   path: '^2.2.0',
91 verbose parsed url   href: '^2.2.0' }
92 verbose addNamed [ 'gulp-concat', '^2.2.0' ]
93 verbose addNamed [ null, '>=2.2.0-0 <3.0.0-0' ]
94 silly lockFile bade1119-gulp-concat-2-2-0 gulp-concat@^2.2.0
95 verbose lock gulp-concat@^2.2.0 /Users/tinafallahi/.npm/bade1119-gulp-concat-2-2-0.lock
96 verbose cache add name="gulp-minify-css" spec="^0.3.0" args=["gulp-minify-css","^0.3.0"]
97 verbose parsed url { protocol: null,
97 verbose parsed url   slashes: null,
97 verbose parsed url   auth: null,
97 verbose parsed url   host: null,
97 verbose parsed url   port: null,
97 verbose parsed url   hostname: null,
97 verbose parsed url   hash: null,
97 verbose parsed url   search: null,
97 verbose parsed url   query: null,
97 verbose parsed url   pathname: '^0.3.0',
97 verbose parsed url   path: '^0.3.0',
97 verbose parsed url   href: '^0.3.0' }
98 verbose addNamed [ 'gulp-minify-css', '^0.3.0' ]
99 verbose addNamed [ null, '>=0.3.0-0 <0.4.0-0' ]
100 silly lockFile 97140670-gulp-minify-css-0-3-0 gulp-minify-css@^0.3.0
101 verbose lock gulp-minify-css@^0.3.0 /Users/tinafallahi/.npm/97140670-gulp-minify-css-0-3-0.lock
102 verbose cache add name="gulp-rename" spec="^1.2.0" args=["gulp-rename","^1.2.0"]
103 verbose parsed url { protocol: null,
103 verbose parsed url   slashes: null,
103 verbose parsed url   auth: null,
103 verbose parsed url   host: null,
103 verbose parsed url   port: null,
103 verbose parsed url   hostname: null,
103 verbose parsed url   hash: null,
103 verbose parsed url   search: null,
103 verbose parsed url   query: null,
103 verbose parsed url   pathname: '^1.2.0',
103 verbose parsed url   path: '^1.2.0',
103 verbose parsed url   href: '^1.2.0' }
104 verbose addNamed [ 'gulp-rename', '^1.2.0' ]
105 verbose addNamed [ null, '>=1.2.0-0 <2.0.0-0' ]
106 silly lockFile 31cef36d-gulp-rename-1-2-0 gulp-rename@^1.2.0
107 verbose lock gulp-rename@^1.2.0 /Users/tinafallahi/.npm/31cef36d-gulp-rename-1-2-0.lock
108 silly addNameRange { name: 'express', range: '>=4.9.0-0 <4.10.0-0', hasData: false }
109 silly addNameRange { name: 'bower', range: '>=1.3.3-0 <2.0.0-0', hasData: false }
110 silly addNameRange { name: 'gulp-util',
110 silly addNameRange   range: '>=2.2.14-0 <3.0.0-0',
110 silly addNameRange   hasData: false }
111 silly addNameRange { name: 'chai', range: '>=1.0.0-0 <2.0.0-0', hasData: false }
112 silly addNameRange { name: 'shelljs', range: '>=0.3.0-0 <0.4.0-0', hasData: false }
113 silly addNameRange { name: 'gulp', range: '>=3.5.6-0 <4.0.0-0', hasData: false }
114 silly addNameRange { name: 'gulp-sass',
114 silly addNameRange   range: '>=0.7.1-0 <0.8.0-0',
114 silly addNameRange   hasData: false }
115 silly addNameRange { name: 'gulp-concat',
115 silly addNameRange   range: '>=2.2.0-0 <3.0.0-0',
115 silly addNameRange   hasData: false }
116 verbose request where is /gulp-util
117 verbose request registry https://registry.npmjs.org/
118 verbose request id a76fbef670dd5d2d
119 verbose url raw /gulp-util
120 verbose url resolving [ 'https://registry.npmjs.org/', './gulp-util' ]
121 verbose url resolved https://registry.npmjs.org/gulp-util
122 verbose request where is https://registry.npmjs.org/gulp-util
123 info trying registry request attempt 1 at 19:55:54
124 http GET https://registry.npmjs.org/gulp-util
125 verbose request where is /gulp
126 verbose request registry https://registry.npmjs.org/
127 verbose url raw /gulp
128 verbose url resolving [ 'https://registry.npmjs.org/', './gulp' ]
129 verbose url resolved https://registry.npmjs.org/gulp
130 verbose request where is https://registry.npmjs.org/gulp
131 info trying registry request attempt 1 at 19:55:54
132 http GET https://registry.npmjs.org/gulp
133 silly addNameRange { name: 'gulp-minify-css',
133 silly addNameRange   range: '>=0.3.0-0 <0.4.0-0',
133 silly addNameRange   hasData: false }
134 verbose request where is /gulp-sass
135 verbose request registry https://registry.npmjs.org/
136 verbose url raw /gulp-sass
137 verbose url resolving [ 'https://registry.npmjs.org/', './gulp-sass' ]
138 verbose url resolved https://registry.npmjs.org/gulp-sass
139 verbose request where is https://registry.npmjs.org/gulp-sass
140 info trying registry request attempt 1 at 19:55:54
141 http GET https://registry.npmjs.org/gulp-sass
142 silly addNameRange { name: 'gulp-rename',
142 silly addNameRange   range: '>=1.2.0-0 <2.0.0-0',
142 silly addNameRange   hasData: false }
143 verbose request where is /gulp-concat
144 verbose request registry https://registry.npmjs.org/
145 verbose url raw /gulp-concat
146 verbose url resolving [ 'https://registry.npmjs.org/', './gulp-concat' ]
147 verbose url resolved https://registry.npmjs.org/gulp-concat
148 verbose request where is https://registry.npmjs.org/gulp-concat
149 info trying registry request attempt 1 at 19:55:54
150 http GET https://registry.npmjs.org/gulp-concat
151 verbose request where is /gulp-minify-css
152 verbose request registry https://registry.npmjs.org/
153 verbose url raw /gulp-minify-css
154 verbose url resolving [ 'https://registry.npmjs.org/', './gulp-minify-css' ]
155 verbose url resolved https://registry.npmjs.org/gulp-minify-css
156 verbose request where is https://registry.npmjs.org/gulp-minify-css
157 info trying registry request attempt 1 at 19:55:54
158 http GET https://registry.npmjs.org/gulp-minify-css
159 verbose request where is /gulp-rename
160 verbose request registry https://registry.npmjs.org/
161 verbose url raw /gulp-rename
162 verbose url resolving [ 'https://registry.npmjs.org/', './gulp-rename' ]
163 verbose url resolved https://registry.npmjs.org/gulp-rename
164 verbose request where is https://registry.npmjs.org/gulp-rename
165 info trying registry request attempt 1 at 19:55:54
166 http GET https://registry.npmjs.org/gulp-rename
167 verbose request where is /shelljs
168 verbose request registry https://registry.npmjs.org/
169 verbose url raw /shelljs
170 verbose url resolving [ 'https://registry.npmjs.org/', './shelljs' ]
171 verbose url resolved https://registry.npmjs.org/shelljs
172 verbose request where is https://registry.npmjs.org/shelljs
173 info trying registry request attempt 1 at 19:55:54
174 verbose etag "3USLV7LWLZIN3QM2VB75RERYU"
175 http GET https://registry.npmjs.org/shelljs
176 verbose request where is /express
177 verbose request registry https://registry.npmjs.org/
178 verbose url raw /express
179 verbose url resolving [ 'https://registry.npmjs.org/', './express' ]
180 verbose url resolved https://registry.npmjs.org/express
181 verbose request where is https://registry.npmjs.org/express
182 info trying registry request attempt 1 at 19:55:54
183 verbose etag "9HONZ8DWC7905JTAN0YVG0WOZ"
184 http GET https://registry.npmjs.org/express
185 verbose request where is /chai
186 verbose request registry https://registry.npmjs.org/
187 verbose url raw /chai
188 verbose url resolving [ 'https://registry.npmjs.org/', './chai' ]
189 verbose url resolved https://registry.npmjs.org/chai
190 verbose request where is https://registry.npmjs.org/chai
191 info trying registry request attempt 1 at 19:55:54
192 verbose etag "4K1MUOW1RAW8KM62LQB1XL0CH"
193 http GET https://registry.npmjs.org/chai
194 verbose request where is /bower
195 verbose request registry https://registry.npmjs.org/
196 verbose url raw /bower
197 verbose url resolving [ 'https://registry.npmjs.org/', './bower' ]
198 verbose url resolved https://registry.npmjs.org/bower
199 verbose request where is https://registry.npmjs.org/bower
200 info trying registry request attempt 1 at 19:55:54
201 verbose etag "4RNWC51OOMVEKH3L663N286TF"
202 http GET https://registry.npmjs.org/bower
203 http 200 https://registry.npmjs.org/gulp-sass
204 silly registry.get cb [ 200,
204 silly registry.get   { date: 'Sat, 07 Mar 2015 19:55:54 GMT',
204 silly registry.get     server: 'CouchDB/1.5.0 (Erlang OTP/R16B03)',
204 silly registry.get     etag: '"2JTSVSX6N650OIKOAB6G7DP40"',
204 silly registry.get     'content-type': 'application/json',
204 silly registry.get     'cache-control': 'max-age=60',
204 silly registry.get     'content-length': '32223',
204 silly registry.get     'accept-ranges': 'bytes',
204 silly registry.get     via: '1.1 varnish',
204 silly registry.get     age: '0',
204 silly registry.get     'x-served-by': 'cache-lhr6335-LHR',
204 silly registry.get     'x-cache': 'MISS',
204 silly registry.get     'x-cache-hits': '0',
204 silly registry.get     'x-timer': 'S1425758154.583424,VS0,VE96',
204 silly registry.get     vary: 'Accept',
204 silly registry.get     'keep-alive': 'timeout=10, max=50',
204 silly registry.get     connection: 'Keep-Alive' } ]
205 silly addNameRange number 2 { name: 'gulp-sass', range: '>=0.7.1-0 <0.8.0-0', hasData: true }
206 silly addNameRange versions [ 'gulp-sass',
206 silly addNameRange   [ '0.1.0',
206 silly addNameRange     '0.2.1',
206 silly addNameRange     '0.2.2',
206 silly addNameRange     '0.2.3',
206 silly addNameRange     '0.3.0',
206 silly addNameRange     '0.4.0',
206 silly addNameRange     '0.4.1',
206 silly addNameRange     '0.5.0',
206 silly addNameRange     '0.5.1',
206 silly addNameRange     '0.5.2',
206 silly addNameRange     '0.6.0',
206 silly addNameRange     '0.7.0',
206 silly addNameRange     '0.7.1',
206 silly addNameRange     '0.7.2',
206 silly addNameRange     '0.7.3',
206 silly addNameRange     '1.0.0',
206 silly addNameRange     '1.1.0',
206 silly addNameRange     '1.2.0',
206 silly addNameRange     '1.2.1',
206 silly addNameRange     '1.2.2',
206 silly addNameRange     '1.2.3',
206 silly addNameRange     '1.2.4',
206 silly addNameRange     '1.3.0',
206 silly addNameRange     '1.3.1',
206 silly addNameRange     '1.3.2',
206 silly addNameRange     '1.3.3' ] ]
207 verbose addNamed [ 'gulp-sass', '0.7.3' ]
208 verbose addNamed [ '0.7.3', '0.7.3' ]
209 silly lockFile 721f0c96-gulp-sass-0-7-3 gulp-sass@0.7.3
210 verbose lock gulp-sass@0.7.3 /Users/tinafallahi/.npm/721f0c96-gulp-sass-0-7-3.lock
211 silly lockFile d66f14f4-rg-gulp-sass-gulp-sass-0-7-3-tgz https://registry.npmjs.org/gulp-sass/-/gulp-sass-0.7.3.tgz
212 verbose lock https://registry.npmjs.org/gulp-sass/-/gulp-sass-0.7.3.tgz /Users/tinafallahi/.npm/d66f14f4-rg-gulp-sass-gulp-sass-0-7-3-tgz.lock
213 verbose addRemoteTarball [ 'https://registry.npmjs.org/gulp-sass/-/gulp-sass-0.7.3.tgz',
213 verbose addRemoteTarball   '4bfbb4e4d95a40be8beeebe07e8e477e7f7a2edc' ]
214 info retry fetch attempt 1 at 19:55:54
215 verbose fetch to= /var/folders/r9/n6_ymlc540z30qhcqtc2kh3r0000gn/T/npm-36639-TqAQohxD/registry.npmjs.org/gulp-sass/-/gulp-sass-0.7.3.tgz
216 http GET https://registry.npmjs.org/gulp-sass/-/gulp-sass-0.7.3.tgz
217 http 200 https://registry.npmjs.org/gulp-minify-css
218 silly registry.get cb [ 200,
218 silly registry.get   { date: 'Sat, 07 Mar 2015 19:55:54 GMT',
218 silly registry.get     server: 'CouchDB/1.5.0 (Erlang OTP/R16B03)',
218 silly registry.get     etag: '"524A9Q1UN5QO0UBEAQFJB45B1"',
218 silly registry.get     'content-type': 'application/json',
218 silly registry.get     'cache-control': 'max-age=60',
218 silly registry.get     'content-length': '41073',
218 silly registry.get     'accept-ranges': 'bytes',
218 silly registry.get     via: '1.1 varnish',
218 silly registry.get     age: '0',
218 silly registry.get     'x-served-by': 'cache-lhr6335-LHR',
218 silly registry.get     'x-cache': 'HIT',
218 silly registry.get     'x-cache-hits': '1',
218 silly registry.get     'x-timer': 'S1425758154.610113,VS0,VE153',
218 silly registry.get     vary: 'Accept',
218 silly registry.get     'keep-alive': 'timeout=10, max=50',
218 silly registry.get     connection: 'Keep-Alive' } ]
219 silly addNameRange number 2 { name: 'gulp-minify-css',
219 silly addNameRange   range: '>=0.3.0-0 <0.4.0-0',
219 silly addNameRange   hasData: true }
220 silly addNameRange versions [ 'gulp-minify-css',
220 silly addNameRange   [ '0.0.1',
220 silly addNameRange     '0.1.0',
220 silly addNameRange     '0.2.0',
220 silly addNameRange     '0.3.0',
220 silly addNameRange     '0.3.1',
220 silly addNameRange     '0.3.2',
220 silly addNameRange     '0.3.3',
220 silly addNameRange     '0.3.4',
220 silly addNameRange     '0.3.5',
220 silly addNameRange     '0.3.6',
220 silly addNameRange     '0.3.7',
220 silly addNameRange     '0.3.8',
220 silly addNameRange     '0.3.9',
220 silly addNameRange     '0.3.10',
220 silly addNameRange     '0.3.11',
220 silly addNameRange     '0.3.12',
220 silly addNameRange     '0.3.13',
220 silly addNameRange     '0.4.0',
220 silly addNameRange     '0.4.1',
220 silly addNameRange     '0.4.2',
220 silly addNameRange     '0.4.3',
220 silly addNameRange     '0.4.4',
220 silly addNameRange     '0.4.5',
220 silly addNameRange     '0.4.6',
220 silly addNameRange     '0.5.0',
220 silly addNameRange     '0.5.1' ] ]
221 verbose addNamed [ 'gulp-minify-css', '0.3.13' ]
222 verbose addNamed [ '0.3.13', '0.3.13' ]
223 silly lockFile 9038a954-gulp-minify-css-0-3-13 gulp-minify-css@0.3.13
224 verbose lock gulp-minify-css@0.3.13 /Users/tinafallahi/.npm/9038a954-gulp-minify-css-0-3-13.lock
225 http 200 https://registry.npmjs.org/gulp
226 silly registry.get cb [ 200,
226 silly registry.get   { date: 'Sat, 07 Mar 2015 19:55:54 GMT',
226 silly registry.get     server: 'CouchDB/1.6.1 (Erlang OTP/R14B04)',
226 silly registry.get     etag: '"DE46XEDIOOBQNICXIZX8AXJ1A"',
226 silly registry.get     'content-type': 'application/json',
226 silly registry.get     'cache-control': 'max-age=60',
226 silly registry.get     'content-length': '100340',
226 silly registry.get     'accept-ranges': 'bytes',
226 silly registry.get     via: '1.1 varnish',
226 silly registry.get     age: '0',
226 silly registry.get     'x-served-by': 'cache-lhr6333-LHR',
226 silly registry.get     'x-cache': 'HIT',
226 silly registry.get     'x-cache-hits': '1',
226 silly registry.get     'x-timer': 'S1425758154.575715,VS0,VE111',
226 silly registry.get     vary: 'Accept',
226 silly registry.get     'keep-alive': 'timeout=10, max=50',
226 silly registry.get     connection: 'Keep-Alive' } ]
227 http 200 https://registry.npmjs.org/gulp-rename
228 silly registry.get cb [ 200,
228 silly registry.get   { date: 'Sat, 07 Mar 2015 19:55:54 GMT',
228 silly registry.get     server: 'CouchDB/1.5.0 (Erlang OTP/R16B03)',
228 silly registry.get     etag: '"4V9XCHE7X0X3KAVLQJEOCH0QM"',
228 silly registry.get     'content-type': 'application/json',
228 silly registry.get     'cache-control': 'max-age=60',
228 silly registry.get     'content-length': '10191',
228 silly registry.get     'accept-ranges': 'bytes',
228 silly registry.get     via: '1.1 varnish',
228 silly registry.get     age: '0',
228 silly registry.get     'x-served-by': 'cache-lhr6335-LHR',
228 silly registry.get     'x-cache': 'HIT',
228 silly registry.get     'x-cache-hits': '1',
228 silly registry.get     'x-timer': 'S1425758154.855448,VS0,VE87',
228 silly registry.get     vary: 'Accept',
228 silly registry.get     'keep-alive': 'timeout=10, max=49',
228 silly registry.get     connection: 'Keep-Alive' } ]
229 silly lockFile 8781e9f5-y-css-gulp-minify-css-0-3-13-tgz https://registry.npmjs.org/gulp-minify-css/-/gulp-minify-css-0.3.13.tgz
230 verbose lock https://registry.npmjs.org/gulp-minify-css/-/gulp-minify-css-0.3.13.tgz /Users/tinafallahi/.npm/8781e9f5-y-css-gulp-minify-css-0-3-13-tgz.lock
231 verbose addRemoteTarball [ 'https://registry.npmjs.org/gulp-minify-css/-/gulp-minify-css-0.3.13.tgz',
231 verbose addRemoteTarball   'ba813c665422868305383ccd185f239c1e35209b' ]
232 silly addNameRange number 2 { name: 'gulp', range: '>=3.5.6-0 <4.0.0-0', hasData: true }
233 silly addNameRange versions [ 'gulp',
233 silly addNameRange   [ '0.0.1',
233 silly addNameRange     '0.0.2',
233 silly addNameRange     '0.0.3',
233 silly addNameRange     '0.0.4',
233 silly addNameRange     '0.0.5',
233 silly addNameRange     '0.0.7',
233 silly addNameRange     '0.0.8',
233 silly addNameRange     '0.0.9',
233 silly addNameRange     '0.1.0',
233 silly addNameRange     '0.2.0',
233 silly addNameRange     '1.0.0',
233 silly addNameRange     '1.1.0',
233 silly addNameRange     '1.2.0',
233 silly addNameRange     '1.2.1',
233 silly addNameRange     '2.0.0',
233 silly addNameRange     '2.0.1',
233 silly addNameRange     '2.1.0',
233 silly addNameRange     '2.2.0',
233 silly addNameRange     '2.3.0',
233 silly addNameRange     '2.4.0',
233 silly addNameRange     '2.4.1',
233 silly addNameRange     '2.6.0',
233 silly addNameRange     '2.6.1',
233 silly addNameRange     '2.7.0',
233 silly addNameRange     '3.0.0',
233 silly addNameRange     '3.1.1',
233 silly addNameRange     '3.1.2',
233 silly addNameRange     '3.1.3',
233 silly addNameRange     '3.1.4',
233 silly addNameRange     '3.2.0',
233 silly addNameRange     '3.2.1',
233 silly addNameRange     '3.2.2',
233 silly addNameRange     '3.2.3',
233 silly addNameRange     '3.2.4',
233 silly addNameRange     '3.2.5',
233 silly addNameRange     '3.3.0',
233 silly addNameRange     '3.3.1',
233 silly addNameRange     '3.3.2',
233 silly addNameRange     '3.3.4',
233 silly addNameRange     '3.4.0',
233 silly addNameRange     '3.5.0',
233 silly addNameRange     '3.5.1',
233 silly addNameRange     '3.5.2',
233 silly addNameRange     '3.5.5',
233 silly addNameRange     '3.5.6',
233 silly addNameRange     '3.6.0',
233 silly addNameRange     '3.6.1',
233 silly addNameRange     '3.6.2',
233 silly addNameRange     '3.7.0',
233 silly addNameRange     '3.8.0',
233 silly addNameRange     '3.8.1',
233 silly addNameRange     '3.8.2',
233 silly addNameRange     '3.8.3',
233 silly addNameRange     '3.8.4',
233 silly addNameRange     '3.8.5',
233 silly addNameRange     '3.8.6',
233 silly addNameRange     '3.8.7',
233 silly addNameRange     '3.8.8',
233 silly addNameRange     '3.8.9',
233 silly addNameRange     '3.8.10',
233 silly addNameRange     '3.8.11' ] ]
234 verbose addNamed [ 'gulp', '3.8.11' ]
235 verbose addNamed [ '3.8.11', '3.8.11' ]
236 silly lockFile 3d31ec08-gulp-3-8-11 gulp@3.8.11
237 verbose lock gulp@3.8.11 /Users/tinafallahi/.npm/3d31ec08-gulp-3-8-11.lock
238 info retry fetch attempt 1 at 19:55:54
239 verbose fetch to= /var/folders/r9/n6_ymlc540z30qhcqtc2kh3r0000gn/T/npm-36639-TqAQohxD/registry.npmjs.org/gulp-minify-css/-/gulp-minify-css-0.3.13.tgz
240 silly addNameRange number 2 { name: 'gulp-rename',
240 silly addNameRange   range: '>=1.2.0-0 <2.0.0-0',
240 silly addNameRange   hasData: true }
241 silly addNameRange versions [ 'gulp-rename',
241 silly addNameRange   [ '0.1.0', '0.2.1', '0.2.2', '1.0.0', '1.1.0', '1.2.0' ] ]
242 verbose addNamed [ 'gulp-rename', '1.2.0' ]
243 verbose addNamed [ '1.2.0', '1.2.0' ]
244 silly lockFile 5981c611-gulp-rename-1-2-0 gulp-rename@1.2.0
245 verbose lock gulp-rename@1.2.0 /Users/tinafallahi/.npm/5981c611-gulp-rename-1-2-0.lock
246 http GET https://registry.npmjs.org/gulp-minify-css/-/gulp-minify-css-0.3.13.tgz
247 silly lockFile b4be9a05-ulp-rename-gulp-rename-1-2-0-tgz https://registry.npmjs.org/gulp-rename/-/gulp-rename-1.2.0.tgz
248 verbose lock https://registry.npmjs.org/gulp-rename/-/gulp-rename-1.2.0.tgz /Users/tinafallahi/.npm/b4be9a05-ulp-rename-gulp-rename-1-2-0-tgz.lock
249 silly lockFile 2528ddbe-y-npmjs-org-gulp-gulp-3-8-11-tgz https://registry.npmjs.org/gulp/-/gulp-3.8.11.tgz
250 verbose lock https://registry.npmjs.org/gulp/-/gulp-3.8.11.tgz /Users/tinafallahi/.npm/2528ddbe-y-npmjs-org-gulp-gulp-3-8-11-tgz.lock
251 verbose addRemoteTarball [ 'https://registry.npmjs.org/gulp-rename/-/gulp-rename-1.2.0.tgz',
251 verbose addRemoteTarball   '060394a09b085cf5d46fc48acdc5657f8fee9e4e' ]
252 verbose addRemoteTarball [ 'https://registry.npmjs.org/gulp/-/gulp-3.8.11.tgz',
252 verbose addRemoteTarball   'd557e0a7283eb4136491969b0497767972f1d28a' ]
253 info retry fetch attempt 1 at 19:55:54
254 verbose fetch to= /var/folders/r9/n6_ymlc540z30qhcqtc2kh3r0000gn/T/npm-36639-TqAQohxD/registry.npmjs.org/gulp-rename/-/gulp-rename-1.2.0.tgz
255 http GET https://registry.npmjs.org/gulp-rename/-/gulp-rename-1.2.0.tgz
256 info retry fetch attempt 1 at 19:55:54
257 verbose fetch to= /var/folders/r9/n6_ymlc540z30qhcqtc2kh3r0000gn/T/npm-36639-TqAQohxD/registry.npmjs.org/gulp/-/gulp-3.8.11.tgz
258 http GET https://registry.npmjs.org/gulp/-/gulp-3.8.11.tgz
259 http 200 https://registry.npmjs.org/gulp/-/gulp-3.8.11.tgz
260 http 200 https://registry.npmjs.org/gulp-minify-css/-/gulp-minify-css-0.3.13.tgz
261 http 200 https://registry.npmjs.org/gulp-sass/-/gulp-sass-0.7.3.tgz
262 http 200 https://registry.npmjs.org/gulp-concat
263 silly registry.get cb [ 200,
263 silly registry.get   { date: 'Sat, 07 Mar 2015 19:55:55 GMT',
263 silly registry.get     server: 'CouchDB/1.5.0 (Erlang OTP/R16B03)',
263 silly registry.get     etag: '"1KNNGINT3UX4KQJT0U0JVD0UU"',
263 silly registry.get     'content-type': 'application/json',
263 silly registry.get     'cache-control': 'max-age=60',
263 silly registry.get     'content-length': '35004',
263 silly registry.get     'accept-ranges': 'bytes',
263 silly registry.get     via: '1.1 varnish',
263 silly registry.get     age: '0',
263 silly registry.get     'x-served-by': 'cache-lhr6326-LHR',
263 silly registry.get     'x-cache': 'HIT',
263 silly registry.get     'x-cache-hits': '1',
263 silly registry.get     'x-timer': 'S1425758154.572937,VS0,VE499',
263 silly registry.get     vary: 'Accept',
263 silly registry.get     'keep-alive': 'timeout=10, max=50',
263 silly registry.get     connection: 'Keep-Alive' } ]
264 silly lockFile 2528ddbe-y-npmjs-org-gulp-gulp-3-8-11-tgz https://registry.npmjs.org/gulp/-/gulp-3.8.11.tgz
265 silly lockFile 2528ddbe-y-npmjs-org-gulp-gulp-3-8-11-tgz https://registry.npmjs.org/gulp/-/gulp-3.8.11.tgz
266 silly lockFile 3d31ec08-gulp-3-8-11 gulp@3.8.11
267 silly lockFile 3d31ec08-gulp-3-8-11 gulp@3.8.11
268 http 200 https://registry.npmjs.org/gulp-rename/-/gulp-rename-1.2.0.tgz
269 silly lockFile 28ac0b1b-gulp-3-5-6 gulp@^3.5.6
270 silly lockFile 28ac0b1b-gulp-3-5-6 gulp@^3.5.6
271 silly addNameRange number 2 { name: 'gulp-concat',
271 silly addNameRange   range: '>=2.2.0-0 <3.0.0-0',
271 silly addNameRange   hasData: true }
272 silly addNameRange versions [ 'gulp-concat',
272 silly addNameRange   [ '0.0.1',
272 silly addNameRange     '1.0.0',
272 silly addNameRange     '1.1.0',
272 silly addNameRange     '2.0.0',
272 silly addNameRange     '2.1.0',
272 silly addNameRange     '2.1.1',
272 silly addNameRange     '2.1.2',
272 silly addNameRange     '2.1.3',
272 silly addNameRange     '2.1.4',
272 silly addNameRange     '2.1.5',
272 silly addNameRange     '2.1.6',
272 silly addNameRange     '2.1.7',
272 silly addNameRange     '2.2.0',
272 silly addNameRange     '2.3.0',
272 silly addNameRange     '2.3.3',
272 silly addNameRange     '2.3.4',
272 silly addNameRange     '2.3.5',
272 silly addNameRange     '2.4.0',
272 silly addNameRange     '2.4.1',
272 silly addNameRange     '2.4.2',
272 silly addNameRange     '2.4.3',
272 silly addNameRange     '2.5.0',
272 silly addNameRange     '2.5.1',
272 silly addNameRange     '2.5.2' ] ]
273 verbose addNamed [ 'gulp-concat', '2.5.2' ]
274 verbose addNamed [ '2.5.2', '2.5.2' ]
275 silly lockFile f86cbda2-gulp-concat-2-5-2 gulp-concat@2.5.2
276 verbose lock gulp-concat@2.5.2 /Users/tinafallahi/.npm/f86cbda2-gulp-concat-2-5-2.lock
277 http 200 https://registry.npmjs.org/gulp-util
278 silly registry.get cb [ 200,
278 silly registry.get   { date: 'Sat, 07 Mar 2015 19:55:55 GMT',
278 silly registry.get     server: 'CouchDB/1.6.1 (Erlang OTP/R14B04)',
278 silly registry.get     etag: '"BRWKZQ1PUJPNTZKS7LX786BP"',
278 silly registry.get     'content-type': 'application/json',
278 silly registry.get     'cache-control': 'max-age=60',
278 silly registry.get     'content-length': '55609',
278 silly registry.get     'accept-ranges': 'bytes',
278 silly registry.get     via: '1.1 varnish',
278 silly registry.get     age: '0',
278 silly registry.get     'x-served-by': 'cache-lhr6325-LHR',
278 silly registry.get     'x-cache': 'HIT',
278 silly registry.get     'x-cache-hits': '1',
278 silly registry.get     'x-timer': 'S1425758154.579386,VS0,VE634',
278 silly registry.get     vary: 'Accept',
278 silly registry.get     'keep-alive': 'timeout=10, max=50',
278 silly registry.get     connection: 'Keep-Alive' } ]
279 silly lockFile 2b63d021-ulp-concat-gulp-concat-2-5-2-tgz https://registry.npmjs.org/gulp-concat/-/gulp-concat-2.5.2.tgz
280 verbose lock https://registry.npmjs.org/gulp-concat/-/gulp-concat-2.5.2.tgz /Users/tinafallahi/.npm/2b63d021-ulp-concat-gulp-concat-2-5-2-tgz.lock
281 verbose addRemoteTarball [ 'https://registry.npmjs.org/gulp-concat/-/gulp-concat-2.5.2.tgz',
281 verbose addRemoteTarball   'd644372cdc2b3cdb421a8a941c8d74e21d815f14' ]
282 silly lockFile 8781e9f5-y-css-gulp-minify-css-0-3-13-tgz https://registry.npmjs.org/gulp-minify-css/-/gulp-minify-css-0.3.13.tgz
283 silly lockFile 8781e9f5-y-css-gulp-minify-css-0-3-13-tgz https://registry.npmjs.org/gulp-minify-css/-/gulp-minify-css-0.3.13.tgz
284 silly addNameRange number 2 { name: 'gulp-util',
284 silly addNameRange   range: '>=2.2.14-0 <3.0.0-0',
284 silly addNameRange   hasData: true }
285 silly addNameRange versions [ 'gulp-util',
285 silly addNameRange   [ '0.0.1',
285 silly addNameRange     '1.0.0',
285 silly addNameRange     '1.1.0',
285 silly addNameRange     '1.1.1',
285 silly addNameRange     '1.2.0',
285 silly addNameRange     '1.3.0',
285 silly addNameRange     '2.0.0',
285 silly addNameRange     '2.1.1',
285 silly addNameRange     '2.1.2',
285 silly addNameRange     '2.1.3',
285 silly addNameRange     '2.1.4',
285 silly addNameRange     '2.2.0',
285 silly addNameRange     '2.2.1',
285 silly addNameRange     '2.2.2',
285 silly addNameRange     '2.2.3',
285 silly addNameRange     '2.2.5',
285 silly addNameRange     '2.2.6',
285 silly addNameRange     '2.2.7',
285 silly addNameRange     '2.2.8',
285 silly addNameRange     '2.2.9',
285 silly addNameRange     '2.2.10',
285 silly addNameRange     '2.2.11',
285 silly addNameRange     '2.2.12',
285 silly addNameRange     '2.2.13',
285 silly addNameRange     '2.2.14',
285 silly addNameRange     '2.2.15',
285 silly addNameRange     '2.2.16',
285 silly addNameRange     '2.2.17',
285 silly addNameRange     '2.2.18',
285 silly addNameRange     '2.2.19',
285 silly addNameRange     '2.2.20',
285 silly addNameRange     '3.0.0',
285 silly addNameRange     '3.0.1',
285 silly addNameRange     '3.0.2',
285 silly addNameRange     '3.0.3',
285 silly addNameRange     '3.0.4' ] ]
286 verbose addNamed [ 'gulp-util', '2.2.20' ]
287 verbose addNamed [ '2.2.20', '2.2.20' ]
288 silly lockFile 48c194cb-gulp-util-2-2-20 gulp-util@2.2.20
289 verbose lock gulp-util@2.2.20 /Users/tinafallahi/.npm/48c194cb-gulp-util-2-2-20.lock
290 info retry fetch attempt 1 at 19:55:55
291 verbose fetch to= /var/folders/r9/n6_ymlc540z30qhcqtc2kh3r0000gn/T/npm-36639-TqAQohxD/registry.npmjs.org/gulp-concat/-/gulp-concat-2.5.2.tgz
292 silly lockFile 9038a954-gulp-minify-css-0-3-13 gulp-minify-css@0.3.13
293 silly lockFile 9038a954-gulp-minify-css-0-3-13 gulp-minify-css@0.3.13
294 silly lockFile 97140670-gulp-minify-css-0-3-0 gulp-minify-css@^0.3.0
295 silly lockFile 97140670-gulp-minify-css-0-3-0 gulp-minify-css@^0.3.0
296 http GET https://registry.npmjs.org/gulp-concat/-/gulp-concat-2.5.2.tgz
297 silly lockFile 34166e88-g-gulp-util-gulp-util-2-2-20-tgz https://registry.npmjs.org/gulp-util/-/gulp-util-2.2.20.tgz
298 verbose lock https://registry.npmjs.org/gulp-util/-/gulp-util-2.2.20.tgz /Users/tinafallahi/.npm/34166e88-g-gulp-util-gulp-util-2-2-20-tgz.lock
299 verbose addRemoteTarball [ 'https://registry.npmjs.org/gulp-util/-/gulp-util-2.2.20.tgz',
299 verbose addRemoteTarball   'd7146e5728910bd8f047a6b0b1e549bc22dbd64c' ]
300 silly lockFile b4be9a05-ulp-rename-gulp-rename-1-2-0-tgz https://registry.npmjs.org/gulp-rename/-/gulp-rename-1.2.0.tgz
301 silly lockFile b4be9a05-ulp-rename-gulp-rename-1-2-0-tgz https://registry.npmjs.org/gulp-rename/-/gulp-rename-1.2.0.tgz
302 info retry fetch attempt 1 at 19:55:55
303 verbose fetch to= /var/folders/r9/n6_ymlc540z30qhcqtc2kh3r0000gn/T/npm-36639-TqAQohxD/registry.npmjs.org/gulp-util/-/gulp-util-2.2.20.tgz
304 silly lockFile 5981c611-gulp-rename-1-2-0 gulp-rename@1.2.0
305 silly lockFile 5981c611-gulp-rename-1-2-0 gulp-rename@1.2.0
306 silly lockFile 31cef36d-gulp-rename-1-2-0 gulp-rename@^1.2.0
307 silly lockFile 31cef36d-gulp-rename-1-2-0 gulp-rename@^1.2.0
308 http GET https://registry.npmjs.org/gulp-util/-/gulp-util-2.2.20.tgz
309 silly lockFile d66f14f4-rg-gulp-sass-gulp-sass-0-7-3-tgz https://registry.npmjs.org/gulp-sass/-/gulp-sass-0.7.3.tgz
310 silly lockFile d66f14f4-rg-gulp-sass-gulp-sass-0-7-3-tgz https://registry.npmjs.org/gulp-sass/-/gulp-sass-0.7.3.tgz
311 silly lockFile 721f0c96-gulp-sass-0-7-3 gulp-sass@0.7.3
312 silly lockFile 721f0c96-gulp-sass-0-7-3 gulp-sass@0.7.3
313 silly lockFile 77100620-gulp-sass-0-7-1 gulp-sass@^0.7.1
314 silly lockFile 77100620-gulp-sass-0-7-1 gulp-sass@^0.7.1
315 http 200 https://registry.npmjs.org/shelljs
316 silly registry.get cb [ 200,
316 silly registry.get   { date: 'Sat, 07 Mar 2015 19:55:55 GMT',
316 silly registry.get     server: 'CouchDB/1.5.0 (Erlang OTP/R16B03)',
316 silly registry.get     etag: '"7KZCVUY8UGRGTPOU22DY0PO5C"',
316 silly registry.get     'content-type': 'application/json',
316 silly registry.get     'cache-control': 'max-age=60',
316 silly registry.get     'content-length': '48827',
316 silly registry.get     'accept-ranges': 'bytes',
316 silly registry.get     via: '1.1 varnish',
316 silly registry.get     age: '0',
316 silly registry.get     'x-served-by': 'cache-lhr6335-LHR',
316 silly registry.get     'x-cache': 'HIT',
316 silly registry.get     'x-cache-hits': '1',
316 silly registry.get     'x-timer': 'S1425758154.989508,VS0,VE114',
316 silly registry.get     vary: 'Accept',
316 silly registry.get     'keep-alive': 'timeout=10, max=49',
316 silly registry.get     connection: 'Keep-Alive' } ]
317 http 200 https://registry.npmjs.org/gulp-concat/-/gulp-concat-2.5.2.tgz
318 silly addNameRange number 2 { name: 'shelljs', range: '>=0.3.0-0 <0.4.0-0', hasData: true }
319 silly addNameRange versions [ 'shelljs',
319 silly addNameRange   [ '0.0.1',
319 silly addNameRange     '0.0.2',
319 silly addNameRange     '0.0.3',
319 silly addNameRange     '0.0.4',
319 silly addNameRange     '0.0.5',
319 silly addNameRange     '0.0.6',
319 silly addNameRange     '0.0.7',
319 silly addNameRange     '0.0.8',
319 silly addNameRange     '0.0.9',
319 silly addNameRange     '0.1.0',
319 silly addNameRange     '0.1.1',
319 silly addNameRange     '0.1.2',
319 silly addNameRange     '0.1.3',
319 silly addNameRange     '0.1.4',
319 silly addNameRange     '0.2.0',
319 silly addNameRange     '0.2.1',
319 silly addNameRange     '0.2.2',
319 silly addNameRange     '0.2.3',
319 silly addNameRange     '0.2.4',
319 silly addNameRange     '0.2.5',
319 silly addNameRange     '0.2.6',
319 silly addNameRange     '0.3.0',
319 silly addNameRange     '0.0.1-alpha1',
319 silly addNameRange     '0.0.2-pre1',
319 silly addNameRange     '0.0.4-pre1',
319 silly addNameRange     '0.0.5-pre1',
319 silly addNameRange     '0.0.5-pre2',
319 silly addNameRange     '0.0.5-pre3',
319 silly addNameRange     '0.0.5-pre4',
319 silly addNameRange     '0.0.6-pre1',
319 silly addNameRange     '0.0.6-pre2' ] ]
320 verbose addNamed [ 'shelljs', '0.3.0' ]
321 verbose addNamed [ '0.3.0', '0.3.0' ]
322 silly lockFile 7d3918b1-shelljs-0-3-0 shelljs@0.3.0
323 verbose lock shelljs@0.3.0 /Users/tinafallahi/.npm/7d3918b1-shelljs-0-3-0.lock
324 http 200 https://registry.npmjs.org/gulp-util/-/gulp-util-2.2.20.tgz
325 silly lockFile 34166e88-g-gulp-util-gulp-util-2-2-20-tgz https://registry.npmjs.org/gulp-util/-/gulp-util-2.2.20.tgz
326 silly lockFile 34166e88-g-gulp-util-gulp-util-2-2-20-tgz https://registry.npmjs.org/gulp-util/-/gulp-util-2.2.20.tgz
327 silly lockFile 48c194cb-gulp-util-2-2-20 gulp-util@2.2.20
328 silly lockFile 48c194cb-gulp-util-2-2-20 gulp-util@2.2.20
329 silly lockFile e3e5f16b-gulp-util-2-2-14 gulp-util@^2.2.14
330 silly lockFile e3e5f16b-gulp-util-2-2-14 gulp-util@^2.2.14
331 silly lockFile 2b63d021-ulp-concat-gulp-concat-2-5-2-tgz https://registry.npmjs.org/gulp-concat/-/gulp-concat-2.5.2.tgz
332 silly lockFile 2b63d021-ulp-concat-gulp-concat-2-5-2-tgz https://registry.npmjs.org/gulp-concat/-/gulp-concat-2.5.2.tgz
333 silly lockFile f86cbda2-gulp-concat-2-5-2 gulp-concat@2.5.2
334 silly lockFile f86cbda2-gulp-concat-2-5-2 gulp-concat@2.5.2
335 silly lockFile bade1119-gulp-concat-2-2-0 gulp-concat@^2.2.0
336 silly lockFile bade1119-gulp-concat-2-2-0 gulp-concat@^2.2.0
337 silly lockFile 7d3918b1-shelljs-0-3-0 shelljs@0.3.0
338 silly lockFile 7d3918b1-shelljs-0-3-0 shelljs@0.3.0
339 silly lockFile 1ddaa962-shelljs-0-3-0 shelljs@^0.3.0
340 silly lockFile 1ddaa962-shelljs-0-3-0 shelljs@^0.3.0
341 http 200 https://registry.npmjs.org/bower
342 silly registry.get cb [ 200,
342 silly registry.get   { date: 'Sat, 07 Mar 2015 19:55:55 GMT',
342 silly registry.get     server: 'CouchDB/1.5.0 (Erlang OTP/R16B03)',
342 silly registry.get     etag: '"45MZ3WODD0OLQNR4NDKQDP3UT"',
342 silly registry.get     'content-type': 'application/json',
342 silly registry.get     'cache-control': 'max-age=60',
342 silly registry.get     'content-length': '106538',
342 silly registry.get     'accept-ranges': 'bytes',
342 silly registry.get     via: '1.1 varnish',
342 silly registry.get     age: '52',
342 silly registry.get     'x-served-by': 'cache-lhr6326-LHR',
342 silly registry.get     'x-cache': 'HIT',
342 silly registry.get     'x-cache-hits': '1',
342 silly registry.get     'x-timer': 'S1425758155.335103,VS0,VE1',
342 silly registry.get     vary: 'Accept',
342 silly registry.get     'keep-alive': 'timeout=10, max=49',
342 silly registry.get     connection: 'Keep-Alive' } ]
343 silly addNameRange number 2 { name: 'bower', range: '>=1.3.3-0 <2.0.0-0', hasData: true }
344 silly addNameRange versions [ 'bower',
344 silly addNameRange   [ '0.1.0',
344 silly addNameRange     '0.1.2',
344 silly addNameRange     '0.1.3',
344 silly addNameRange     '0.2.0',
344 silly addNameRange     '0.3.0',
344 silly addNameRange     '0.3.1',
344 silly addNameRange     '0.3.2',
344 silly addNameRange     '0.4.0',
344 silly addNameRange     '0.5.0',
344 silly addNameRange     '0.5.1',
344 silly addNameRange     '0.6.0',
344 silly addNameRange     '0.6.1',
344 silly addNameRange     '0.6.2',
344 silly addNameRange     '0.6.3',
344 silly addNameRange     '0.6.4',
344 silly addNameRange     '0.6.5',
344 silly addNameRange     '0.6.6',
344 silly addNameRange     '0.6.7',
344 silly addNameRange     '0.6.8',
344 silly addNameRange     '0.7.0',
344 silly addNameRange     '0.7.1',
344 silly addNameRange     '0.8.0',
344 silly addNameRange     '0.8.1',
344 silly addNameRange     '0.8.2',
344 silly addNameRange     '0.8.3',
344 silly addNameRange     '0.8.4',
344 silly addNameRange     '0.8.5',
344 silly addNameRange     '0.8.6',
344 silly addNameRange     '0.9.0',
344 silly addNameRange     '0.9.1',
344 silly addNameRange     '0.9.2',
344 silly addNameRange     '0.10.0',
344 silly addNameRange     '1.0.0',
344 silly addNameRange     '1.0.1',
344 silly addNameRange     '1.0.2',
344 silly addNameRange     '1.0.3',
344 silly addNameRange     '1.1.0',
344 silly addNameRange     '1.1.1',
344 silly addNameRange     '1.1.2',
344 silly addNameRange     '1.2.0',
344 silly addNameRange     '1.2.1',
344 silly addNameRange     '1.2.2',
344 silly addNameRange     '1.2.3',
344 silly addNameRange     '1.2.4',
344 silly addNameRange     '1.2.5',
344 silly addNameRange     '1.2.6',
344 silly addNameRange     '1.2.7',
344 silly addNameRange     '1.2.8',
344 silly addNameRange     '1.3.0',
344 silly addNameRange     '1.3.1',
344 silly addNameRange     '1.3.2',
344 silly addNameRange     '1.3.3',
344 silly addNameRange     '1.3.4',
344 silly addNameRange     '1.3.5',
344 silly addNameRange     '1.3.6',
344 silly addNameRange     '1.3.7',
344 silly addNameRange     '1.3.8',
344 silly addNameRange     '1.3.9',
344 silly addNameRange     '1.3.10',
344 silly addNameRange     '1.3.11',
344 silly addNameRange     '1.3.12' ] ]
345 verbose addNamed [ 'bower', '1.3.12' ]
346 verbose addNamed [ '1.3.12', '1.3.12' ]
347 silly lockFile 9819431c-bower-1-3-12 bower@1.3.12
348 verbose lock bower@1.3.12 /Users/tinafallahi/.npm/9819431c-bower-1-3-12.lock
349 silly lockFile 9819431c-bower-1-3-12 bower@1.3.12
350 silly lockFile 9819431c-bower-1-3-12 bower@1.3.12
351 silly lockFile 0aa5c27e-bower-1-3-3 bower@^1.3.3
352 silly lockFile 0aa5c27e-bower-1-3-3 bower@^1.3.3
353 http 200 https://registry.npmjs.org/chai
354 silly registry.get cb [ 200,
354 silly registry.get   { date: 'Sat, 07 Mar 2015 19:55:55 GMT',
354 silly registry.get     server: 'CouchDB/1.5.0 (Erlang OTP/R16B03)',
354 silly registry.get     etag: '"3WJQHPI9QVGBONM9AF4X7BXKT"',
354 silly registry.get     'content-type': 'application/json',
354 silly registry.get     'cache-control': 'max-age=60',
354 silly registry.get     'content-length': '69681',
354 silly registry.get     'accept-ranges': 'bytes',
354 silly registry.get     via: '1.1 varnish',
354 silly registry.get     age: '0',
354 silly registry.get     'x-served-by': 'cache-lhr6335-LHR',
354 silly registry.get     'x-cache': 'HIT',
354 silly registry.get     'x-cache-hits': '1',
354 silly registry.get     'x-timer': 'S1425758155.017339,VS0,VE638',
354 silly registry.get     vary: 'Accept',
354 silly registry.get     'keep-alive': 'timeout=10, max=48',
354 silly registry.get     connection: 'Keep-Alive' } ]
355 silly addNameRange number 2 { name: 'chai', range: '>=1.0.0-0 <2.0.0-0', hasData: true }
356 silly addNameRange versions [ 'chai',
356 silly addNameRange   [ '0.0.1',
356 silly addNameRange     '0.0.2',
356 silly addNameRange     '0.1.0',
356 silly addNameRange     '0.1.1',
356 silly addNameRange     '0.1.2',
356 silly addNameRange     '0.1.3',
356 silly addNameRange     '0.1.4',
356 silly addNameRange     '0.1.5',
356 silly addNameRange     '0.1.6',
356 silly addNameRange     '0.1.7',
356 silly addNameRange     '0.2.0',
356 silly addNameRange     '0.2.1',
356 silly addNameRange     '0.2.2',
356 silly addNameRange     '0.2.3',
356 silly addNameRange     '0.2.4',
356 silly addNameRange     '0.3.0',
356 silly addNameRange     '0.3.1',
356 silly addNameRange     '0.3.2',
356 silly addNameRange     '0.3.3',
356 silly addNameRange     '0.3.4',
356 silly addNameRange     '0.4.0',
356 silly addNameRange     '0.4.1',
356 silly addNameRange     '0.4.2',
356 silly addNameRange     '0.5.0',
356 silly addNameRange     '0.5.1',
356 silly addNameRange     '0.5.2',
356 silly addNameRange     '0.5.3',
356 silly addNameRange     '1.0.0',
356 silly addNameRange     '1.0.1',
356 silly addNameRange     '1.0.2',
356 silly addNameRange     '1.0.3',
356 silly addNameRange     '1.0.4',
356 silly addNameRange     '1.1.0',
356 silly addNameRange     '1.1.1',
356 silly addNameRange     '1.2.0',
356 silly addNameRange     '1.3.0',
356 silly addNameRange     '1.4.0',
356 silly addNameRange     '1.4.1',
356 silly addNameRange     '1.4.2',
356 silly addNameRange     '1.5.0',
356 silly addNameRange     '1.6.0',
356 silly addNameRange     '1.6.1',
356 silly addNameRange     '1.7.0',
356 silly addNameRange     '1.7.1',
356 silly addNameRange     '1.7.2',
356 silly addNameRange     '1.8.0',
356 silly addNameRange     '1.8.1',
356 silly addNameRange     '1.9.0',
356 silly addNameRange     '1.9.1',
356 silly addNameRange     '1.9.2',
356 silly addNameRange     '1.10.0',
356 silly addNameRange     '2.0.0',
356 silly addNameRange     '2.1.0',
356 silly addNameRange     '2.1.1' ] ]
357 verbose addNamed [ 'chai', '1.10.0' ]
358 verbose addNamed [ '1.10.0', '1.10.0' ]
359 silly lockFile 6724da50-chai-1-10-0 chai@1.10.0
360 verbose lock chai@1.10.0 /Users/tinafallahi/.npm/6724da50-chai-1-10-0.lock
361 silly lockFile 6724da50-chai-1-10-0 chai@1.10.0
362 silly lockFile 6724da50-chai-1-10-0 chai@1.10.0
363 silly lockFile 0192a59a-chai-1 chai@1.*
364 silly lockFile 0192a59a-chai-1 chai@1.*
365 http 200 https://registry.npmjs.org/express
366 silly registry.get cb [ 200,
366 silly registry.get   { date: 'Sat, 07 Mar 2015 19:55:55 GMT',
366 silly registry.get     server: 'CouchDB/1.5.0 (Erlang OTP/R16B03)',
366 silly registry.get     etag: '"D8CLB34VKL7YHK0G9DM6JZ326"',
366 silly registry.get     'content-type': 'application/json',
366 silly registry.get     'cache-control': 'max-age=60',
366 silly registry.get     'content-length': '485740',
366 silly registry.get     'accept-ranges': 'bytes',
366 silly registry.get     via: '1.1 varnish',
366 silly registry.get     age: '0',
366 silly registry.get     'x-served-by': 'cache-lhr6333-LHR',
366 silly registry.get     'x-cache': 'HIT',
366 silly registry.get     'x-cache-hits': '1',
366 silly registry.get     'x-timer': 'S1425758155.010943,VS0,VE646',
366 silly registry.get     vary: 'Accept',
366 silly registry.get     'keep-alive': 'timeout=10, max=49',
366 silly registry.get     connection: 'Keep-Alive' } ]
367 silly addNameRange number 2 { name: 'express', range: '>=4.9.0-0 <4.10.0-0', hasData: true }
368 silly addNameRange versions [ 'express',
368 silly addNameRange   [ '0.14.0',
368 silly addNameRange     '0.14.1',
368 silly addNameRange     '1.0.0',
368 silly addNameRange     '1.0.1',
368 silly addNameRange     '1.0.2',
368 silly addNameRange     '1.0.3',
368 silly addNameRange     '1.0.4',
368 silly addNameRange     '1.0.5',
368 silly addNameRange     '1.0.6',
368 silly addNameRange     '1.0.7',
368 silly addNameRange     '1.0.8',
368 silly addNameRange     '2.0.0',
368 silly addNameRange     '2.1.0',
368 silly addNameRange     '2.1.1',
368 silly addNameRange     '2.2.0',
368 silly addNameRange     '2.2.1',
368 silly addNameRange     '2.2.2',
368 silly addNameRange     '2.3.0',
368 silly addNameRange     '2.3.1',
368 silly addNameRange     '2.3.2',
368 silly addNameRange     '2.3.3',
368 silly addNameRange     '2.3.4',
368 silly addNameRange     '2.3.5',
368 silly addNameRange     '2.3.6',
368 silly addNameRange     '2.3.7',
368 silly addNameRange     '2.3.8',
368 silly addNameRange     '2.3.9',
368 silly addNameRange     '2.3.10',
368 silly addNameRange     '2.3.11',
368 silly addNameRange     '2.3.12',
368 silly addNameRange     '2.4.0',
368 silly addNameRange     '2.4.1',
368 silly addNameRange     '2.4.2',
368 silly addNameRange     '2.4.3',
368 silly addNameRange     '2.4.4',
368 silly addNameRange     '2.4.5',
368 silly addNameRange     '2.4.6',
368 silly addNameRange     '2.4.7',
368 silly addNameRange     '2.5.0',
368 silly addNameRange     '2.5.1',
368 silly addNameRange     '2.5.2',
368 silly addNameRange     '2.5.3',
368 silly addNameRange     '2.5.4',
368 silly addNameRange     '2.5.5',
368 silly addNameRange     '2.5.6',
368 silly addNameRange     '2.5.7',
368 silly addNameRange     '2.5.8',
368 silly addNameRange     '2.5.9',
368 silly addNameRange     '2.5.10',
368 silly addNameRange     '2.5.11',
368 silly addNameRange     '3.0.0',
368 silly addNameRange     '3.0.1',
368 silly addNameRange     '3.0.2',
368 silly addNameRange     '3.0.3',
368 silly addNameRange     '3.0.4',
368 silly addNameRange     '3.0.5',
368 silly addNameRange     '3.0.6',
368 silly addNameRange     '3.1.0',
368 silly addNameRange     '3.1.1',
368 silly addNameRange     '3.1.2',
368 silly addNameRange     '3.2.0',
368 silly addNameRange     '3.2.1',
368 silly addNameRange     '3.2.2',
368 silly addNameRange     '3.2.3',
368 silly addNameRange     '3.2.4',
368 silly addNameRange     '3.2.5',
368 silly addNameRange     '3.2.6',
368 silly addNameRange     '3.3.0',
368 silly addNameRange     '3.3.1',
368 silly addNameRange     '3.3.2',
368 silly addNameRange     '3.3.3',
368 silly addNameRange     '3.3.4',
368 silly addNameRange     '3.3.5',
368 silly addNameRange     '3.3.6',
368 silly addNameRange     '1.0.0-beta',
368 silly addNameRange     '1.0.0-beta2',
368 silly addNameRange     '1.0.0-rc',
368 silly addNameRange     '1.0.0-rc2',
368 silly addNameRange     '1.0.0-rc3',
368 silly addNameRange     '1.0.0-rc4',
368 silly addNameRange     '2.0.0-beta',
368 silly addNameRange     '2.0.0-beta2',
368 silly addNameRange     '2.0.0-beta3',
368 silly addNameRange     '2.0.0-rc',
368 silly addNameRange     '2.0.0-rc2',
368 silly addNameRange     '2.0.0-rc3',
368 silly addNameRange     '3.0.0-alpha1',
368 silly addNameRange     '3.0.0-alpha2',
368 silly addNameRange     '3.0.0-alpha3',
368 silly addNameRange     '3.0.0-alpha4',
368 silly addNameRange     '3.0.0-alpha5',
368 silly addNameRange     '3.0.0-beta1',
368 silly addNameRange     '3.0.0-beta2',
368 silly addNameRange     '3.0.0-beta3',
368 silly addNameRange     '3.0.0-beta4',
368 silly addNameRange     '3.0.0-beta6',
368 silly addNameRange     '3.0.0-beta7',
368 silly addNameRange     '3.0.0-rc1',
368 silly addNameRange     '3.0.0-rc2',
368 silly addNameRange     '3.0.0-rc3',
368 silly addNameRange     '3.0.0-rc4',
368 silly addNameRange     '3.0.0-rc5',
368 silly addNameRange     '3.3.7',
368 silly addNameRange     '3.3.8',
368 silly addNameRange     '3.4.0',
368 silly addNameRange     '3.4.1',
368 silly addNameRange     '3.4.2',
368 silly addNameRange     '3.4.3',
368 silly addNameRange     '3.4.4',
368 silly addNameRange     '3.4.5',
368 silly addNameRange     '3.4.6',
368 silly addNameRange     '3.4.7',
368 silly addNameRange     '3.4.8',
368 silly addNameRange     '4.0.0-rc1',
368 silly addNameRange     '4.0.0-rc2',
368 silly addNameRange     '3.5.0',
368 silly addNameRange     '4.0.0-rc3',
368 silly addNameRange     '4.0.0-rc4',
368 silly addNameRange     '3.5.1',
368 silly addNameRange     '4.0.0',
368 silly addNameRange     '3.5.2',
368 silly addNameRange     '4.1.0',
368 silly addNameRange     '4.1.1',
368 silly addNameRange     '3.5.3',
368 silly addNameRange     '4.1.2',
368 silly addNameRange     '3.6.0',
368 silly addNameRange     '4.2.0',
368 silly addNameRange     '3.7.0',
368 silly addNameRange     '3.8.0',
368 silly addNameRange     '4.3.0',
368 silly addNameRange     '4.3.1',
368 silly addNameRange     '3.8.1',
368 silly addNameRange     '4.3.2',
368 silly addNameRange     '3.9.0',
368 silly addNameRange     '4.4.0',
368 silly addNameRange     '4.4.1',
368 silly addNameRange     '3.10.0',
368 silly addNameRange     '3.10.1',
368 silly addNameRange     '3.10.2',
368 silly addNameRange     '3.10.3',
368 silly addNameRange     '3.10.4',
368 silly addNameRange     '4.4.2',
368 silly addNameRange     '3.10.5',
368 silly addNameRange     '4.4.3',
368 silly addNameRange     '3.11.0',
368 silly addNameRange     '4.4.4',
368 silly addNameRange     '3.12.0',
368 silly addNameRange     '3.12.1',
368 silly addNameRange     '4.4.5',
368 silly addNameRange     '3.13.0',
368 silly addNameRange     '4.5.0',
368 silly addNameRange     '4.5.1',
368 silly addNameRange     '3.14.0',
368 silly addNameRange     '4.6.0',
368 silly addNameRange     '4.6.1',
368 silly addNameRange     '3.15.0',
368 silly addNameRange     '4.7.0',
368 silly addNameRange     '3.15.1',
368 silly addNameRange     '4.7.1',
368 silly addNameRange     '3.15.2',
368 silly addNameRange     '4.7.2',
368 silly addNameRange     '4.7.3',
368 silly addNameRange     '3.15.3',
368 silly addNameRange     '4.7.4',
368 silly addNameRange     '3.16.0',
368 silly addNameRange     '4.8.0',
368 silly addNameRange     '3.16.1',
368 silly addNameRange     '4.8.1',
368 silly addNameRange     '3.16.2',
368 silly addNameRange     '4.8.2',
368 silly addNameRange     '3.16.3',
368 silly addNameRange     '3.16.4',
368 silly addNameRange     '4.8.3',
368 silly addNameRange     '3.16.5',
368 silly addNameRange     '3.16.6',
368 silly addNameRange     '4.8.4',
368 silly addNameRange     '3.16.7',
368 silly addNameRange     '4.8.5',
368 silly addNameRange     '3.16.8',
368 silly addNameRange     '4.8.6',
368 silly addNameRange     '3.16.9',
368 silly addNameRange     '4.8.7',
368 silly addNameRange     '3.16.10',
368 silly addNameRange     '4.8.8',
368 silly addNameRange     '3.17.0',
368 silly addNameRange     '3.17.1',
368 silly addNameRange     '4.9.0',
368 silly addNameRange     '3.17.2',
368 silly addNameRange     '4.9.1',
368 silly addNameRange     '4.9.2',
368 silly addNameRange     '3.17.3',
368 silly addNameRange     '4.9.3',
368 silly addNameRange     '3.17.4',
368 silly addNameRange     '4.9.4',
368 silly addNameRange     '3.17.5',
368 silly addNameRange     '4.9.5',
368 silly addNameRange     '3.17.6',
368 silly addNameRange     '3.17.7',
368 silly addNameRange     '4.9.6',
368 silly addNameRange     '4.9.7',
368 silly addNameRange     '3.17.8',
368 silly addNameRange     '4.9.8',
368 silly addNameRange     '3.18.0',
368 silly addNameRange     '3.18.1',
368 silly addNameRange     '4.10.0',
368 silly addNameRange     '3.18.2',
368 silly addNameRange     '4.10.1',
368 silly addNameRange     '5.0.0-alpha.1',
368 silly addNameRange     '3.18.3',
368 silly addNameRange     '4.10.2',
368 silly addNameRange     '3.18.4',
368 silly addNameRange     '4.10.3',
368 silly addNameRange     '4.10.4',
368 silly addNameRange     '4.10.5',
368 silly addNameRange     '3.18.5',
368 silly addNameRange     '3.18.6',
368 silly addNameRange     '4.10.6',
368 silly addNameRange     '4.10.7',
368 silly addNameRange     '3.19.0',
368 silly addNameRange     '4.10.8',
368 silly addNameRange     '4.11.0',
368 silly addNameRange     '3.19.1',
368 silly addNameRange     '4.11.1',
368 silly addNameRange     '3.19.2',
368 silly addNameRange     '4.11.2',
368 silly addNameRange     '3.20.0',
368 silly addNameRange     '4.12.0',
368 silly addNameRange     '3.20.1',
368 silly addNameRange     '4.12.1',
368 silly addNameRange     '4.12.2' ] ]
369 verbose addNamed [ 'express', '4.9.8' ]
370 verbose addNamed [ '4.9.8', '4.9.8' ]
371 silly lockFile 3e3a25f6-express-4-9-8 express@4.9.8
372 verbose lock express@4.9.8 /Users/tinafallahi/.npm/3e3a25f6-express-4-9-8.lock
373 silly lockFile 3e3a25f6-express-4-9-8 express@4.9.8
374 silly lockFile 3e3a25f6-express-4-9-8 express@4.9.8
375 silly lockFile e3d29b08-express-4-9-x express@~4.9.x
376 silly lockFile e3d29b08-express-4-9-x express@~4.9.x
377 error Error: EACCES, mkdir '/Users/tinafallahi/.npm/gulp/3.8.11'
377 error  { [Error: EACCES, mkdir '/Users/tinafallahi/.npm/gulp/3.8.11']
377 error   errno: 3,
377 error   code: 'EACCES',
377 error   path: '/Users/tinafallahi/.npm/gulp/3.8.11',
377 error   parent: 'Smellscape' }
378 error Please try running this command again as root/Administrator.
379 error System Darwin 14.0.0
380 error command "node" "/usr/local/bin/npm" "install"
381 error cwd /Users/tinafallahi/Smellscape
382 error node -v v0.10.33
383 error npm -v 1.4.28
384 error path /Users/tinafallahi/.npm/gulp/3.8.11
385 error code EACCES
386 error errno 3
387 error stack Error: EACCES, mkdir '/Users/tinafallahi/.npm/gulp/3.8.11'
388 verbose exit [ 3, true ]
